<?xml version="1.0" encoding="UTF-8"?>
<!-- Generated by org.testng.reporters.JUnitReportReporter -->
<testsuite hostname="DESKTOP-C4MOHRM" failures="0" tests="2" name="com.ola.TestRunner.TestRunner" time="184.267" errors="0" timestamp="2025-01-22T17:37:18 IST" skipped="0">
  <testcase classname="com.ola.TestRunner.TestRunner" name="runScenario" time="100.756"/>
  <testcase classname="com.ola.TestRunner.TestRunner" name="runScenario" time="83.511"/>
</testsuite> <!-- com.ola.TestRunner.TestRunner -->
