<?xml version="1.0" encoding="UTF-8"?>
<!-- Generated by org.testng.reporters.JUnitReportReporter -->
<testsuite hostname="DESKTOP-C4MOHRM" failures="0" tests="2" name="com.ola.Testcase.BrowserStackTest" time="0.005" errors="0" timestamp="2025-01-17T21:03:56 IST" skipped="0">
  <testcase classname="com.ola.Testcase.BrowserStackTest" name="test" time="0.004"/>
  <testcase classname="com.ola.Testcase.BrowserStackTest" name="test" time="0.001"/>
</testsuite> <!-- com.ola.Testcase.BrowserStackTest -->
